"H41.1_V13 0hr_blood plasma+NaH_container       false"
"H41.1_V13 0hr_blood plasma+NaH       true"
"H41.1_V18_blood plasma+NaH_container       false"
"H41.1_V18_blood plasma+NaH       true"
"H41.1_V24_blood plasma+NaH_container       false"
"H41.1_V24_blood plasma+NaH       true"
"H41.1_V25_blood plasma+NaH_container       false"
"H41.1_V25_blood plasma+NaH       true"
"H42_V18_blood plasma+NaH_container       false"
"H42_V18_blood plasma+NaH       true"
"H42_V24_blood plasma+NaH_container       false"
"H42_V24_blood plasma+NaH       true"
"H42_V25_blood plasma+NaH_container       false"
"H42_V25_blood plasma+NaH       true"
"H43_V1 0hr_blood plasma+NaH_container       false"
"H43_V1 0hr_blood plasma+NaH       true"
"H43_V5_blood plasma+NaH_container       false"
"H43_V5_blood plasma+NaH       true"
"H43_V8_blood plasma+NaH_container       false"
"H43_V8_blood plasma+NaH       true"
"H43_V8_buffy coat specimen_container       false"
"H43_V8_buffy coat specimen       true"
"H43_V9 0hr_blood plasma+NaH_container       false"
"H43_V9 0hr_blood plasma+NaH       true"
"H43_V9 6hr_blood plasma+NaH_container       false"
"H43_V9 6hr_blood plasma+NaH       true"
"H43_V10 24hr_blood plasma+NaH_container       false"
"H43_V10 24hr_blood plasma+NaH       true"
"H43_V18_blood plasma+NaH_container       false"
"H43_V18_blood plasma+NaH       true"
"H43_V20 0hr_blood plasma+NaH_container       false"
"H43_V20 0hr_blood plasma+NaH       true"
"H43_V20 0hr_serum_container       false"
"H43_V20 0hr_serum       true"
"H43_V24_blood plasma+NaH_container       false"
"H43_V24_blood plasma+NaH       true"
"H44_V9 0hr_blood plasma+NaH_container       false"
"H44_V9 0hr_blood plasma+NaH       true"
"H44_V9 6hr_blood plasma+NaH_container       false"
"H44_V9 6hr_blood plasma+NaH       true"
"H44_V13 0hr_blood plasma+NaH_container       false"
"H44_V13 0hr_blood plasma+NaH       true"
"H44_V18_blood plasma+NaH_container       false"
"H44_V18_blood plasma+NaH       true"
"H44_V19_blood plasma+NaH_container       false"
"H44_V19_blood plasma+NaH       true"
"H44_V24_blood plasma+NaH_container       false"
"H44_V24_blood plasma+NaH       true"
"H44_V24_buffy coat specimen_container       false"
"H44_V24_buffy coat specimen       true"
"H45_V14 24hr_blood plasma+NaH_container       false"
"H45_V14 24hr_blood plasma+NaH       true"
"H45_V14 24hr_buffy coat specimen_container       false"
"H45_V14 24hr_buffy coat specimen       true"
"H45_V14 24hr_red blood cell blood plasma+NaH_container       false"
"H45_V14 24hr_red blood cell blood plasma+NaH       true"
"H45_V14 24hr_blood plasma+EDTA_container       false"
"H45_V14 24hr_blood plasma+EDTA       true"
"H45_V14 24hr_serum_container       false"
"H45_V14 24hr_serum       true"
"H45_V17_blood plasma+NaH_container       false"
"H45_V17_blood plasma+NaH       true"
"H45_V17_buffy coat specimen_container       false"
"H45_V17_buffy coat specimen       true"
"H45_V17_red blood cell blood plasma+NaH_container       false"
"H45_V17_red blood cell blood plasma+NaH       true"
"H45_V18_blood plasma+NaH_container       false"
"H45_V18_blood plasma+NaH       true"
"H45_V18_buffy coat specimen_container       false"
"H45_V18_buffy coat specimen       true"
"H45_V18_red blood cell blood plasma+NaH_container       false"
"H45_V18_red blood cell blood plasma+NaH       true"
"H45_V20 0hr_serum_container       false"
"H45_V20 0hr_serum       true"
"H45_V24_blood plasma+NaH_container       false"
"H45_V24_blood plasma+NaH       true"
"H45_V25_blood plasma+NaH_container       false"
"H45_V25_blood plasma+NaH       true"
"H45_V25_buffy coat specimen_container       false"
"H45_V25_buffy coat specimen       true"
"H45_V25_red blood cell blood plasma+NaH_container       false"
"H45_V25_red blood cell blood plasma+NaH       true"
"H46_V1 0hr_blood plasma+NaH_container       false"
"H46_V1 0hr_blood plasma+NaH       true"
"H46_V2 24hr_buffy coat specimen_container       false"
"H46_V2 24hr_buffy coat specimen       true"
"H46_V19_blood plasma+NaH_container       false"
"H46_V19_blood plasma+NaH       true"
"H46_V20 0hr_blood plasma+NaH_container       false"
"H46_V20 0hr_blood plasma+NaH       true"
"H46_V20 0hr_buffy coat specimen_container       false"
"H46_V20 0hr_buffy coat specimen       true"
"H46_V20 0hr_red blood cell blood plasma+NaH_container       false"
"H46_V20 0hr_red blood cell blood plasma+NaH       true"
"H46_V20 0hr_blood plasma+EDTA_container       false"
"H46_V20 0hr_blood plasma+EDTA       true"
"H46_V20 0hr_serum_container       false"
"H46_V20 0hr_serum       true"
"H46_V20 6hr_blood plasma+NaH_container       false"
"H46_V20 6hr_blood plasma+NaH       true"
"H46_V20 6hr_buffy coat specimen_container       false"
"H46_V20 6hr_buffy coat specimen       true"
"H46_V20 6hr_red blood cell blood plasma+NaH_container       false"
"H46_V20 6hr_red blood cell blood plasma+NaH       true"
"H46_V20 6hr_serum_container       false"
"H46_V20 6hr_serum       true"
"H47_V5_blood plasma+NaH_container       false"
"H47_V5_blood plasma+NaH       true"
"H47_V5_red blood cell blood plasma+NaH_container       false"
"H47_V5_red blood cell blood plasma+NaH       true"
"H47_V18_blood plasma+NaH_container       false"
"H47_V18_blood plasma+NaH       true"
"H47_V24_blood plasma+NaH_container       false"
"H47_V24_blood plasma+NaH       true"
"H47_V25_blood plasma+NaH_container       false"
"H47_V25_blood plasma+NaH       true"
"H65.1_V14 24hr_RNA_container       false"
"H65.1_V14 24hr_RNA       true"
"H65.1_V13 6hr_RNA_container       false"
"H65.1_V13 6hr_RNA       true"
"H65.1_V13 0hr_RNA_container       false"
"H65.1_V13 0hr_RNA       true"
"H65.1_V10 24hr_RNA_container       false"
"H65.1_V10 24hr_RNA       true"
"H52_V9 6hr_RNA_container       false"
"H52_V9 6hr_RNA       true"
"H52_V14 24hr_RNA_container       false"
"H52_V14 24hr_RNA       true"
"H52_V9 0hr_RNA_container       false"
"H52_V9 0hr_RNA       true"
"H15_V25_DNA buffy coat specimen_container       false"
"H15_V25_DNA buffy coat specimen       true"
"H15_V9 0hr_RNA_container       false"
"H15_V9 0hr_RNA       true"
"H15_V9 6hr_RNA_container       false"
"H15_V9 6hr_RNA       true"
"H15_V10 24hr_RNA_container       false"
"H15_V10 24hr_RNA       true"
"H15_V13 0hr_RNA_container       false"
"H15_V13 0hr_RNA       true"
"H15_V13 6hr_RNA_container       false"
"H15_V13 6hr_RNA       true"
"H4_V9 0hr_RNA_container       false"
"H4_V9 0hr_RNA       true"
"H4_V9 6hr_RNA_container       false"
"H4_V9 6hr_RNA       true"
"H4_V10 24hr_RNA_container       false"
"H4_V10 24hr_RNA       true"
"H4_V13 0hr_RNA_container       false"
"H4_V13 0hr_RNA       true"
"H4_V13 6hr_RNA_container       false"
"H4_V13 6hr_RNA       true"
"H4_V14 24hr_RNA_container       false"
"H4_V14 24hr_RNA       true"
"H43_V25_DNA blood plasma_container       false"
"H43_V25_DNA blood plasma       true"
"H43_V25_DNA buffy coat specimen_container       false"
"H43_V25_DNA buffy coat specimen       true"
"H43_V13 0hr_RNA_container       false"
"H43_V13 0hr_RNA       true"
"H68_V25_DNA blood plasma_container       false"
"H68_V25_DNA blood plasma       true"
"H68_V25_DNA buffy coat specimen_container       false"
"H68_V25_DNA buffy coat specimen       true"
"H68_V1 6hr_RNA_container       false"
"H68_V1 6hr_RNA       true"
"H68_V20 6hr_RNA_container       false"
"H68_V20 6hr_RNA       true"
"H68_V21 24hr_RNA_container       false"
"H68_V21 24hr_RNA       true"
"H67_V1_DNA blood plasma_container       false"
"H67_V1_DNA blood plasma       true"
"H67_V1_DNA buffy coat specimen_container       false"
"H67_V1_DNA buffy coat specimen       true"
"H67_V25_DNA blood plasma_container       false"
"H67_V25_DNA blood plasma       true"
"H67_V25_DNA buffy coat specimen_container       false"
"H67_V25_DNA buffy coat specimen       true"
