"H50P1D1blineSerum1_container"
"H50P1D1blineSerum1"
"H50P1D1blineSerum2_container"
"H50P1D1blineSerum2"
"H50P1D1blineSerum3_container"
"H50P1D1blineSerum3"
"H50P1D1blineSerum4_container"
"H50P1D1blineSerum4"
"H50P1D1blineBuffy_container"
"H50P1D1blineBuffy"
"H50P1D1blinePBMC1_container"
"H50P1D1blinePBMC1"
"H50P1D1blinePBMC2_container"
"H50P1D1blinePBMC2"
"H50P1D1blinePlatelet_container"
"H50P1D1blinePlatelet"
"H50P1D1blineUrine1_container"
"H50P1D1blineUrine1"
"H50P1D1blineUrine2_container"
"H50P1D1blineUrine2"
"H50P1D1blineUrine3_container"
"H50P1D1blineUrine3"
"H50P1D1blineUrine4_container"
"H50P1D1blineUrine4"
"H50P1D1blineUrine5_container"
"H50P1D1blineUrine5"
"H50P1D10CelNapPlaPlasmHep1_container"
"H50P1D10CelNapPlaPlasmHep1"
"H50P1D10CelNapPlaPlasmHep2_container"
"H50P1D10CelNapPlaPlasmHep2"
"H50P1D10CelNapPlaPlasmLPS1_container"
"H50P1D10CelNapPlaPlasmLPS1"
"H50P1D10CelNapPlaPlasmLPS2_container"
"H50P1D10CelNapPlaPlasmLPS2"
"H50P1D10CelNapPlaSerum1_container"
"H50P1D10CelNapPlaSerum1"
"H50P1D10CelNapPlaSerum2_container"
"H50P1D10CelNapPlaSerum2"
"H50P1D10CelNapPlaSerum3_container"
"H50P1D10CelNapPlaSerum3"
"H50P1D10CelNapPlaSerum4_container"
"H50P1D10CelNapPlaSerum4"
"H50P1D10CelNapPlaUrine1_container"
"H50P1D10CelNapPlaUrine1"
"H50P1D10CelNapPlaUrine2_container"
"H50P1D10CelNapPlaUrine2"
"H50P1D10CelNapPlaUrine3_container"
"H50P1D10CelNapPlaUrine3"
"H50P1D10CelNapPlaUrine4_container"
"H50P1D10CelNapPlaUrine4"
"H50P1D10CelNapPlaUrine5_container"
"H50P1D10CelNapPlaUrine5"
"H50P1D7CelNapPlaUrine1_container"
"H50P1D7CelNapPlaUrine1"
"H50P1D7CelNapPlaUrine2_container"
"H50P1D7CelNapPlaUrine2"
"H50P1D7CelNapPlaUrine3_container"
"H50P1D7CelNapPlaUrine3"
"H50P1D7CelNapPlaUrine4_container"
"H50P1D7CelNapPlaUrine4"
"H50P1D7CelNapPlaUrine5_container"
"H50P1D7CelNapPlaUrine5"
"H50P1D7T0CelNapPlaPlasmEDTA1_container"
"H50P1D7T0CelNapPlaPlasmEDTA1"
"H50P2D1blineUrine1_container"
"H50P2D1blineUrine1"
"H50P2D1blineUrine2_container"
"H50P2D1blineUrine2"
"H50P2D1blineUrine3_container"
"H50P2D1blineUrine3"
"H50P2D1blineUrine4_container"
"H50P2D1blineUrine4"
"H50P2D1blineUrine5_container"
"H50P2D1blineUrine5"
"H50P2D10CelNapPlaPlasmHep1_container"
"H50P2D10CelNapPlaPlasmHep1"
"H50P2D10CelNapPlaPlasmHep2_container"
"H50P2D10CelNapPlaPlasmHep2"
"H50P2D10CelNapPlaPlasmLPS1_container"
"H50P2D10CelNapPlaPlasmLPS1"
"H50P2D10CelNapPlaPlasmLPS2_container"
"H50P2D10CelNapPlaPlasmLPS2"
"H50P2D10CelNapPlaSerum1_container"
"H50P2D10CelNapPlaSerum1"
"H50P2D10CelNapPlaSerum2_container"
"H50P2D10CelNapPlaSerum2"
"H50P2D10CelNapPlaSerum3_container"
"H50P2D10CelNapPlaSerum3"
"H50P2D10CelNapPlaSerum4_container"
"H50P2D10CelNapPlaSerum4"
"H50P2D10CelNapPlaUrine1_container"
"H50P2D10CelNapPlaUrine1"
"H50P2D10CelNapPlaUrine2_container"
"H50P2D10CelNapPlaUrine2"
"H50P2D10CelNapPlaUrine3_container"
"H50P2D10CelNapPlaUrine3"
"H50P2D10CelNapPlaUrine4_container"
"H50P2D10CelNapPlaUrine4"
"H50P2D10CelNapPlaUrine5_container"
"H50P2D10CelNapPlaUrine5"
"H50P2D7 CelNapPlaUrine1_container"
"H50P2D7 CelNapPlaUrine1"
"H50P2D7 CelNapPlaUrine2_container"
"H50P2D7 CelNapPlaUrine2"
"H50P2D7 CelNapPlaUrine3_container"
"H50P2D7 CelNapPlaUrine3"
"H50P2D7 CelNapPlaUrine4_container"
"H50P2D7 CelNapPlaUrine4"
"H50P2D7 CelNapPlaUrine5_container"
"H50P2D7 CelNapPlaUrine5"
"H50P2D7T0CelNapPlaPlasmEDTA1_container"
"H50P2D7T0CelNapPlaPlasmEDTA1"
"H50P2D7T0CelNapPlaPlasmEDTA2_container"
"H50P2D7T0CelNapPlaPlasmEDTA2"
"H50P2D7T0CelNapPlaPlasmEDTA3_container"
"H50P2D7T0CelNapPlaPlasmEDTA3"
"H50P2D7T0CelNapPlaPlasmEDTA4_container"
"H50P2D7T0CelNapPlaPlasmEDTA4"
"H50P2D7T0CelNapPlaPlasmHep1_container"
"H50P2D7T0CelNapPlaPlasmHep1"
"H50P2D7T0CelNapPlaPlasmHep2_container"
"H50P2D7T0CelNapPlaPlasmHep2"
"H50P2D7T0CelNapPlaPlasmHep3_container"
"H50P2D7T0CelNapPlaPlasmHep3"
"H50P2D7T0CelNapPlaPlasmHep4_container"
"H50P2D7T0CelNapPlaPlasmHep4"
"H50P2D7T0CelNapPlaPlasmLPS1_container"
"H50P2D7T0CelNapPlaPlasmLPS1"
"H50P2D7T0CelNapPlaPlasmLPS2_container"
"H50P2D7T0CelNapPlaPlasmLPS2"
"H50P2D7T0CelNapPlaPlasmLPS3_container"
"H50P2D7T0CelNapPlaPlasmLPS3"
"H50P3D1blineSerum4_container"
"H50P3D1blineSerum4"
"H50P3D1blineBuffy_container"
"H50P3D1blineBuffy"
"H50P3D1blinePBMC1_container"
"H50P3D1blinePBMC1"
"H50P1D7T0CelNapPlaPlasmEDTA2_container"
"H50P1D7T0CelNapPlaPlasmEDTA2"
"H50P1D7T0CelNapPlaPlasmEDTA3_container"
"H50P1D7T0CelNapPlaPlasmEDTA3"
"H50P1D7T0CelNapPlaPlasmEDTA4_container"
"H50P1D7T0CelNapPlaPlasmEDTA4"
"H50P1D7T0CelNapPlaPlasmHep1_container"
"H50P1D7T0CelNapPlaPlasmHep1"
"H50P1D7T0CelNapPlaPlasmHep2_container"
"H50P1D7T0CelNapPlaPlasmHep2"
"H50P1D7T0CelNapPlaPlasmHep3_container"
"H50P1D7T0CelNapPlaPlasmHep3"
"H50P1D7T0CelNapPlaPlasmHep4_container"
"H50P1D7T0CelNapPlaPlasmHep4"
"H50P1D7T0CelNapPlaPlasmLPS1_container"
"H50P1D7T0CelNapPlaPlasmLPS1"
"H50P1D7T0CelNapPlaPlasmLPS2_container"
"H50P1D7T0CelNapPlaPlasmLPS2"
"H50P1D7T0CelNapPlaPlasmLPS3_container"
"H50P1D7T0CelNapPlaPlasmLPS3"
"H50P1D7T0CelNapPlaPlasmLPS4_container"
"H50P1D7T0CelNapPlaPlasmLPS4"
"H50P1D7T0CelNapPlaSerum1_container"
"H50P1D7T0CelNapPlaSerum1"
"H50P1D7T0CelNapPlaSerum2_container"
"H50P1D7T0CelNapPlaSerum2"
"H50P1D7T0CelNapPlaSerum3_container"
"H50P1D7T0CelNapPlaSerum3"
"H50P1D7T0CelNapPlaSerum4_container"
"H50P1D7T0CelNapPlaSerum4"
"H50P1D7T0CelNapPlaRBC1_container"
"H50P1D7T0CelNapPlaRBC1"
"H50P1D7T0CelNapPlaRBC2_container"
"H50P1D7T0CelNapPlaRBC2"
"H50P1D7T0CelNapPlaUrine1_container"
"H50P1D7T0CelNapPlaUrine1"
"H50P1D7T0CelNapPlaUrine2_container"
"H50P1D7T0CelNapPlaUrine2"
"H50P1D7T0CelNapPlaUrine3_container"
"H50P1D7T0CelNapPlaUrine3"
"H50P1D7T0CelNapPlaUrine4_container"
"H50P1D7T0CelNapPlaUrine4"
"H50P1D7T0CelNapPlaUrine5_container"
"H50P1D7T0CelNapPlaUrine5"
"H50P1D7T0CelNapPlaBlood1_container"
"H50P1D7T0CelNapPlaBlood1"
"H50P1D7T0CelNapPlaBlood2_container"
"H50P1D7T0CelNapPlaBlood2"
"H50P1D7T0.5CelNapPlaPlasmHep1_container"
"H50P1D7T0.5CelNapPlaPlasmHep1"
"H50P1D7T0.5CelNapPlaPlasmHep2_container"
"H50P1D7T0.5CelNapPlaPlasmHep2"
"H50P1D7T0.5CelNapPlaPlasmLPS1_container"
"H50P1D7T0.5CelNapPlaPlasmLPS1"
"H50P1D7T0.5CelNapPlaPlasmLPS2_container"
"H50P1D7T0.5CelNapPlaPlasmLPS2"
"H50P1D7T0.5CelNapPlaSerum1_container"
"H50P1D7T0.5CelNapPlaSerum1"
"H50P1D7T0.5CelNapPlaSerum2_container"
"H50P1D7T0.5CelNapPlaSerum2"
"H50P1D7T0.5CelNapPlaSerum3_container"
"H50P1D7T0.5CelNapPlaSerum3"
"H50P1D7T0.5CelNapPlaSerum4_container"
"H50P1D7T0.5CelNapPlaSerum4"
"H50P1D7T1CelNapPlaPlasmHep1_container"
"H50P1D7T1CelNapPlaPlasmHep1"
"H50P1D7T1CelNapPlaPlasmHep2_container"
"H50P1D7T1CelNapPlaPlasmHep2"
"H50P1D7T1CelNapPlaPlasmLPS1_container"
"H50P1D7T1CelNapPlaPlasmLPS1"
"H50P1D7T1CelNapPlaPlasmLPS2_container"
"H50P1D7T1CelNapPlaPlasmLPS2"
"H50P1D7T1CelNapPlaSerum1_container"
"H50P1D7T1CelNapPlaSerum1"
"H50P1D7T1CelNapPlaSerum2_container"
"H50P1D7T1CelNapPlaSerum2"
"H50P1D7T1CelNapPlaSerum3_container"
"H50P1D7T1CelNapPlaSerum3"
"H50P1D7T1CelNapPlaSerum4_container"
"H50P1D7T1CelNapPlaSerum4"
"H50P1D7T1CelNapPlaUrine1_container"
"H50P1D7T1CelNapPlaUrine1"
"H50P1D7T1CelNapPlaUrine2_container"
"H50P1D7T1CelNapPlaUrine2"
"H50P1D7T1CelNapPlaUrine3_container"
"H50P1D7T1CelNapPlaUrine3"
"H50P1D7T1CelNapPlaUrine4_container"
"H50P1D7T1CelNapPlaUrine4"
"H50P1D7T1CelNapPlaUrine5_container"
"H50P1D7T1CelNapPlaUrine5"
"H50P1D7T12CelNapPlaPlasmHep1_container"
"H50P1D7T12CelNapPlaPlasmHep1"
"H50P3D1blinePBMC2_container"
"H50P3D1blinePBMC2"
"H50P1D7T12CelNapPlaPlasmHep2_container"
"H50P1D7T12CelNapPlaPlasmHep2"
"H50P1D7T12CelNapPlaPlasmLPS1_container"
"H50P1D7T12CelNapPlaPlasmLPS1"
"H50P1D7T12CelNapPlaPlasmLPS2_container"
"H50P1D7T12CelNapPlaPlasmLPS2"
"H50P1D7T12CelNapPlaSerum1_container"
"H50P1D7T12CelNapPlaSerum1"
"H50P1D7T12CelNapPlaSerum2_container"
"H50P1D7T12CelNapPlaSerum2"
"H50P1D7T12CelNapPlaSerum3_container"
"H50P1D7T12CelNapPlaSerum3"
"H50P1D7T12CelNapPlaSerum4_container"
"H50P1D7T12CelNapPlaSerum4"
"H50P1D7T12CelNapPlaUrine1_container"
"H50P1D7T12CelNapPlaUrine1"
"H50P1D7T12CelNapPlaUrine2_container"
"H50P1D7T12CelNapPlaUrine2"
"H50P1D7T12CelNapPlaUrine3_container"
"H50P1D7T12CelNapPlaUrine3"
"H50P1D7T12CelNapPlaUrine4_container"
"H50P1D7T12CelNapPlaUrine4"
"H50P1D7T12CelNapPlaUrine5_container"
"H50P1D7T12CelNapPlaUrine5"
"H50P1D7T2CelNapPlaPlasmHep1_container"
"H50P1D7T2CelNapPlaPlasmHep1"
"H50P1D7T2CelNapPlaPlasmHep2_container"
"H50P1D7T2CelNapPlaPlasmHep2"
"H50P1D7T2CelNapPlaPlasmLPS1_container"
"H50P1D7T2CelNapPlaPlasmLPS1"
"H50P1D7T2CelNapPlaPlasmLPS2_container"
"H50P1D7T2CelNapPlaPlasmLPS2"
"H50P1D7T2CelNapPlaSerum1_container"
"H50P1D7T2CelNapPlaSerum1"
"H50P1D7T2CelNapPlaSerum2_container"
"H50P1D7T2CelNapPlaSerum2"
"H50P1D7T2CelNapPlaSerum3_container"
"H50P1D7T2CelNapPlaSerum3"
"H50P1D7T2CelNapPlaSerum4_container"
"H50P1D7T2CelNapPlaSerum4"
"H50P1D7T2CelNapPlaUrine1_container"
"H50P1D7T2CelNapPlaUrine1"
"H50P1D7T2CelNapPlaUrine2_container"
"H50P1D7T2CelNapPlaUrine2"
"H50P1D7T2CelNapPlaUrine3_container"
"H50P1D7T2CelNapPlaUrine3"
"H50P1D7T2CelNapPlaUrine4_container"
"H50P1D7T2CelNapPlaUrine4"
"H50P1D7T2CelNapPlaUrine5_container"
"H50P1D7T2CelNapPlaUrine5"
"H50P1D7T4CelNapPlaPlasmEDTA1_container"
"H50P1D7T4CelNapPlaPlasmEDTA1"
"H50P1D7T4CelNapPlaPlasmEDTA2_container"
"H50P1D7T4CelNapPlaPlasmEDTA2"
"H50P1D7T4CelNapPlaPlasmEDTA3_container"
"H50P1D7T4CelNapPlaPlasmEDTA3"
"H50P1D7T4CelNapPlaPlasmEDTA4_container"
"H50P1D7T4CelNapPlaPlasmEDTA4"
"H50P1D7T4CelNapPlaPlasmHep1_container"
"H50P1D7T4CelNapPlaPlasmHep1"
"H50P1D7T4CelNapPlaPlasmHep2_container"
"H50P1D7T4CelNapPlaPlasmHep2"
"H50P1D7T4CelNapPlaPlasmHep3_container"
"H50P1D7T4CelNapPlaPlasmHep3"
"H50P1D7T4CelNapPlaPlasmHep4_container"
"H50P1D7T4CelNapPlaPlasmHep4"
"H50P1D7T4CelNapPlaPlasmLPS1_container"
"H50P1D7T4CelNapPlaPlasmLPS1"
"H50P1D7T4CelNapPlaPlasmLPS2_container"
"H50P1D7T4CelNapPlaPlasmLPS2"
"H50P1D7T4CelNapPlaPlasmLPS3_container"
"H50P1D7T4CelNapPlaPlasmLPS3"
"H50P1D7T4CelNapPlaPlasmLPS4_container"
"H50P1D7T4CelNapPlaPlasmLPS4"
"H50P1D7T4CelNapPlaSerum1_container"
"H50P1D7T4CelNapPlaSerum1"
"H50P1D7T4CelNapPlaSerum2_container"
"H50P1D7T4CelNapPlaSerum2"
"H50P1D7T4CelNapPlaSerum3_container"
"H50P1D7T4CelNapPlaSerum3"
"H50P1D7T4CelNapPlaSerum4_container"
"H50P1D7T4CelNapPlaSerum4"
"H50P1D7T4CelNapPlaUrine1_container"
"H50P1D7T4CelNapPlaUrine1"
"H50P1D7T4CelNapPlaUrine2_container"
"H50P1D7T4CelNapPlaUrine2"
"H50P1D7T4CelNapPlaUrine3_container"
"H50P1D7T4CelNapPlaUrine3"
"H50P1D7T4CelNapPlaUrine4_container"
"H50P1D7T4CelNapPlaUrine4"
"H50P1D7T4CelNapPlaUrine5_container"
"H50P1D7T4CelNapPlaUrine5"
"H50P1D7T4CelNapPlaBlood1_container"
"H50P1D7T4CelNapPlaBlood1"
"H50P1D7T4CelNapPlaBlood2_container"
"H50P1D7T4CelNapPlaBlood2"
"H50P1D7T8CelNapPlaPlasmHep1_container"
"H50P1D7T8CelNapPlaPlasmHep1"
"H50P1D7T8CelNapPlaPlasmHep2_container"
"H50P1D7T8CelNapPlaPlasmHep2"
"H50P1D7T8CelNapPlaPlasmLPS1_container"
"H50P1D7T8CelNapPlaPlasmLPS1"
"H50P1D7T8CelNapPlaPlasmLPS2_container"
"H50P1D7T8CelNapPlaPlasmLPS2"
"H50P1D7T8CelNapPlaSerum1_container"
"H50P1D7T8CelNapPlaSerum1"
"H50P1D7T8CelNapPlaSerum2_container"
"H50P1D7T8CelNapPlaSerum2"
"H50P1D7T8CelNapPlaSerum3_container"
"H50P1D7T8CelNapPlaSerum3"
"H50P1D7T8CelNapPlaSerum4_container"
"H50P1D7T8CelNapPlaSerum4"
"H50P1D7T8CelNapPlaUrine1_container"
"H50P1D7T8CelNapPlaUrine1"
"H50P1D7T8CelNapPlaUrine2_container"
"H50P1D7T8CelNapPlaUrine2"
"H50P1D7T8CelNapPlaUrine3_container"
"H50P1D7T8CelNapPlaUrine3"
"H50P1D7T8CelNapPlaUrine4_container"
"H50P1D7T8CelNapPlaUrine4"
"H50P1D7T8CelNapPlaUrine5_container"
"H50P1D7T8CelNapPlaUrine5"
"H50P1D7CelNapPlaFeces_container"
"H50P1D7CelNapPlaFeces"
"H50P1D8CelNapPlaPlasmHep1_container"
"H50P1D8CelNapPlaPlasmHep1"
"H50P1D8CelNapPlaPlasmHep2_container"
"H50P1D8CelNapPlaPlasmHep2"
"H50P1D8CelNapPlaPlasmLPS1_container"
"H50P1D8CelNapPlaPlasmLPS1"
"H50P1D8CelNapPlaPlasmLPS2_container"
"H50P1D8CelNapPlaPlasmLPS2"
"H50P3D1blinePlatelet_container"
"H50P3D1blinePlatelet"
"H50P3D1blineUrine1_container"
"H50P3D1blineUrine1"
"H50P3D1blineUrine2_container"
"H50P3D1blineUrine2"
"H50P3D1blineUrine3_container"
"H50P3D1blineUrine3"
"H50P3D1blineUrine4_container"
"H50P3D1blineUrine4"
"H50P3D1blineUrine5_container"
"H50P3D1blineUrine5"
"H50P3D10CelNapPlaPlasmHep1_container"
"H50P3D10CelNapPlaPlasmHep1"
"H50P3D10CelNapPlaPlasmHep2_container"
"H50P3D10CelNapPlaPlasmHep2"
"H50P3D10CelNapPlaPlasmLPS1_container"
"H50P3D10CelNapPlaPlasmLPS1"
"H50P3D10CelNapPlaPlasmLPS2_container"
"H50P3D10CelNapPlaPlasmLPS2"
"H50P3D10CelNapPlaSerum1_container"
"H50P3D10CelNapPlaSerum1"
"H50P3D10CelNapPlaSerum2_container"
"H50P3D10CelNapPlaSerum2"
"H50P3D10CelNapPlaSerum3_container"
"H50P3D10CelNapPlaSerum3"
"H50P3D10CelNapPlaSerum4_container"
"H50P3D10CelNapPlaSerum4"
"H50P3D10CelNapPlaUrine1_container"
"H50P3D10CelNapPlaUrine1"
"H50P3D10CelNapPlaUrine2_container"
"H50P3D10CelNapPlaUrine2"
"H50P3D10CelNapPlaUrine3_container"
"H50P3D10CelNapPlaUrine3"
"H50P3D10CelNapPlaUrine4_container"
"H50P3D10CelNapPlaUrine4"
"H50P3D10CelNapPlaUrine5_container"
"H50P3D10CelNapPlaUrine5"
"H50P3D7 CelNapPlaUrine1_container"
"H50P3D7 CelNapPlaUrine1"
"H50P3D7 CelNapPlaUrine2_container"
"H50P3D7 CelNapPlaUrine2"
"H50P3D7 CelNapPlaUrine3_container"
"H50P3D7 CelNapPlaUrine3"
"H50P3D7 CelNapPlaUrine4_container"
"H50P3D7 CelNapPlaUrine4"
"H50P3D7 CelNapPlaUrine5_container"
"H50P3D7 CelNapPlaUrine5"
"H50P3D7T0CelNapPlaPlasmEDTA1_container"
"H50P3D7T0CelNapPlaPlasmEDTA1"
"H50P3D7T0CelNapPlaPlasmEDTA2_container"
"H50P3D7T0CelNapPlaPlasmEDTA2"
"H50P3D7T0CelNapPlaPlasmEDTA3_container"
"H50P3D7T0CelNapPlaPlasmEDTA3"
"H50P3D7T0CelNapPlaPlasmEDTA4_container"
"H50P3D7T0CelNapPlaPlasmEDTA4"
"H50P3D7T0CelNapPlaPlasmHep1_container"
"H50P3D7T0CelNapPlaPlasmHep1"
"H50P3D7T0CelNapPlaPlasmHep2_container"
"H50P3D7T0CelNapPlaPlasmHep2"
"H50P3D7T0CelNapPlaPlasmHep3_container"
"H50P3D7T0CelNapPlaPlasmHep3"
"H50P3D7T0CelNapPlaPlasmHep4_container"
"H50P3D7T0CelNapPlaPlasmHep4"
"H50P3D7T0CelNapPlaPlasmLPS1_container"
"H50P3D7T0CelNapPlaPlasmLPS1"
"H50P3D7T0CelNapPlaPlasmLPS2_container"
"H50P3D7T0CelNapPlaPlasmLPS2"
"H50P1D8CelNapPlaSerum1_container"
"H50P1D8CelNapPlaSerum1"
"H50P1D8CelNapPlaSerum2_container"
"H50P1D8CelNapPlaSerum2"
"H50P1D1blinePlasmHep1_container"
"H50P1D1blinePlasmHep1"
"H50P1D1blinePlasmHep2_container"
"H50P1D1blinePlasmHep2"
"H50P1D1blinePlasmHep3_container"
"H50P1D1blinePlasmHep3"
"H50P1D1blinePlasmHep4_container"
"H50P1D1blinePlasmHep4"
"H50P1D1blinePlasmLPS1_container"
"H50P1D1blinePlasmLPS1"
"H50P1D1blinePlasmLPS2_container"
"H50P1D1blinePlasmLPS2"
"H50P1D1blinePlasmLPS3_container"
"H50P1D1blinePlasmLPS3"
"H50P1D1blinePlasmLPS4_container"
"H50P1D1blinePlasmLPS4"
"H50P1D8CelNapPlaSerum3_container"
"H50P1D8CelNapPlaSerum3"
"H50P1D8CelNapPlaSerum4_container"
"H50P1D8CelNapPlaSerum4"
"H50P1D8CelNapPlaUrine1_container"
"H50P1D8CelNapPlaUrine1"
"H50P1D8CelNapPlaUrine2_container"
"H50P1D8CelNapPlaUrine2"
"H50P1D8CelNapPlaUrine3_container"
"H50P1D8CelNapPlaUrine3"
"H50P1D8CelNapPlaUrine4_container"
"H50P1D8CelNapPlaUrine4"
"H50P1D8CelNapPlaUrine5_container"
"H50P1D8CelNapPlaUrine5"
"H50P1D9CelNapPlaPlasmHep1_container"
"H50P1D9CelNapPlaPlasmHep1"
"H50P1D9CelNapPlaPlasmHep2_container"
"H50P1D9CelNapPlaPlasmHep2"
"H50P1D9CelNapPlaPlasmLPS1_container"
"H50P1D9CelNapPlaPlasmLPS1"
"H50P1D9CelNapPlaPlasmLPS2_container"
"H50P1D9CelNapPlaPlasmLPS2"
"H50P1D9CelNapPlaSerum1_container"
"H50P1D9CelNapPlaSerum1"
"H50P1D9CelNapPlaSerum2_container"
"H50P1D9CelNapPlaSerum2"
"H50P1D9CelNapPlaSerum3_container"
"H50P1D9CelNapPlaSerum3"
"H50P1D9CelNapPlaSerum4_container"
"H50P1D9CelNapPlaSerum4"
"H50P1D9CelNapPlaUrine1_container"
"H50P1D9CelNapPlaUrine1"
"H50P1D9CelNapPlaUrine2_container"
"H50P1D9CelNapPlaUrine2"
"H50P1D9CelNapPlaUrine3_container"
"H50P1D9CelNapPlaUrine3"
"H50P1D9CelNapPlaUrine4_container"
"H50P1D9CelNapPlaUrine4"
"H50P1D9CelNapPlaUrine5_container"
"H50P1D9CelNapPlaUrine5"
"H50P2D1blinePlasmHep1_container"
"H50P2D1blinePlasmHep1"
"H50P2D1blinePlasmHep2_container"
"H50P2D1blinePlasmHep2"
"H50P2D1blinePlasmHep3_container"
"H50P2D1blinePlasmHep3"
"H50P2D1blinePlasmHep4_container"
"H50P2D1blinePlasmHep4"
"H50P2D1blinePlasmLPS1_container"
"H50P2D1blinePlasmLPS1"
"H50P2D1blinePlasmLPS2_container"
"H50P2D1blinePlasmLPS2"
"H50P2D1blinePlasmLPS3_container"
"H50P2D1blinePlasmLPS3"
"H50P2D1blinePlasmLPS4_container"
"H50P2D1blinePlasmLPS4"
"H50P2D1blineSerum1_container"
"H50P2D1blineSerum1"
"H50P2D1blineSerum2_container"
"H50P2D1blineSerum2"
"H50P2D1blineSerum3_container"
"H50P2D1blineSerum3"
"H50P2D1blineSerum4_container"
"H50P2D1blineSerum4"
"H50P2D1blineBuffy_container"
"H50P2D1blineBuffy"
"H50P2D1blinePBMC1_container"
"H50P2D1blinePBMC1"
"H50P2D1blinePBMC2_container"
"H50P2D1blinePBMC2"
"H50P2D1blinePlatelet_container"
"H50P2D1blinePlatelet"
"H50P2D7T0CelNapPlaPlasmLPS4_container"
"H50P2D7T0CelNapPlaPlasmLPS4"
"H50P2D7T0CelNapPlaSerum1_container"
"H50P2D7T0CelNapPlaSerum1"
"H50P2D7T0CelNapPlaSerum2_container"
"H50P2D7T0CelNapPlaSerum2"
"H50P2D7T0CelNapPlaSerum3_container"
"H50P2D7T0CelNapPlaSerum3"
"H50P2D7T0CelNapPlaSerum4_container"
"H50P2D7T0CelNapPlaSerum4"
"H50P2D7T0CelNapPlaRBC1_container"
"H50P2D7T0CelNapPlaRBC1"
"H50P2D7T0CelNapPlaRBC2_container"
"H50P2D7T0CelNapPlaRBC2"
"H50P2D7T0CelNapPlaUrine1_container"
"H50P2D7T0CelNapPlaUrine1"
"H50P2D7T0CelNapPlaUrine2_container"
"H50P2D7T0CelNapPlaUrine2"
"H50P2D7T0CelNapPlaUrine3_container"
"H50P2D7T0CelNapPlaUrine3"
"H50P2D7T0CelNapPlaUrine4_container"
"H50P2D7T0CelNapPlaUrine4"
"H50P2D7T0CelNapPlaUrine5_container"
"H50P2D7T0CelNapPlaUrine5"
"H50P2D7T0CelNapPlaBlood1_container"
"H50P2D7T0CelNapPlaBlood1"
"H50P2D7T0CelNapPlaBlood2_container"
"H50P2D7T0CelNapPlaBlood2"
"H50P2D7T0.5CelNapPlaPlasmHep1_container"
"H50P2D7T0.5CelNapPlaPlasmHep1"
"H50P2D7T0.5CelNapPlaPlasmHep2_container"
"H50P2D7T0.5CelNapPlaPlasmHep2"
"H50P2D7T0.5CelNapPlaPlasmLPS1_container"
"H50P2D7T0.5CelNapPlaPlasmLPS1"
"H50P2D7T0.5CelNapPlaPlasmLPS2_container"
"H50P2D7T0.5CelNapPlaPlasmLPS2"
"H50P2D7T0.5CelNapPlaSerum1_container"
"H50P2D7T0.5CelNapPlaSerum1"
"H50P2D7T0.5CelNapPlaSerum2_container"
"H50P2D7T0.5CelNapPlaSerum2"
"H50P2D7T0.5CelNapPlaSerum3_container"
"H50P2D7T0.5CelNapPlaSerum3"
"H50P2D7T0.5CelNapPlaSerum4_container"
"H50P2D7T0.5CelNapPlaSerum4"
"H50P2D7T1CelNapPlaPlasmHep1_container"
"H50P2D7T1CelNapPlaPlasmHep1"
"H50P2D7T1CelNapPlaPlasmHep2_container"
"H50P2D7T1CelNapPlaPlasmHep2"
"H50P2D7T1CelNapPlaPlasmLPS1_container"
"H50P2D7T1CelNapPlaPlasmLPS1"
"H50P2D7T1CelNapPlaPlasmLPS2_container"
"H50P2D7T1CelNapPlaPlasmLPS2"
"H50P2D7T1CelNapPlaSerum1_container"
"H50P2D7T1CelNapPlaSerum1"
"H50P2D7T1CelNapPlaSerum2_container"
"H50P2D7T1CelNapPlaSerum2"
"H50P2D7T1CelNapPlaSerum3_container"
"H50P2D7T1CelNapPlaSerum3"
"H50P2D7T1CelNapPlaSerum4_container"
"H50P2D7T1CelNapPlaSerum4"
"H50P2D7T1CelNapPlaUrine1_container"
"H50P2D7T1CelNapPlaUrine1"
"H50P2D7T1CelNapPlaUrine2_container"
"H50P2D7T1CelNapPlaUrine2"
"H50P2D7T1CelNapPlaUrine3_container"
"H50P2D7T1CelNapPlaUrine3"
"H50P2D7T1CelNapPlaUrine4_container"
"H50P2D7T1CelNapPlaUrine4"
"H50P2D7T1CelNapPlaUrine5_container"
"H50P2D7T1CelNapPlaUrine5"
"H50P2D7T12CelNapPlaPlasmHep1_container"
"H50P2D7T12CelNapPlaPlasmHep1"
"H50P2D7T12CelNapPlaPlasmHep2_container"
"H50P2D7T12CelNapPlaPlasmHep2"
"H50P2D7T12CelNapPlaPlasmLPS1_container"
"H50P2D7T12CelNapPlaPlasmLPS1"
"H50P2D7T12CelNapPlaPlasmLPS2_container"
"H50P2D7T12CelNapPlaPlasmLPS2"
"H50P2D7T12CelNapPlaSerum1_container"
"H50P2D7T12CelNapPlaSerum1"
"H50P2D7T12CelNapPlaSerum2_container"
"H50P2D7T12CelNapPlaSerum2"
"H50P2D7T12CelNapPlaSerum3_container"
"H50P2D7T12CelNapPlaSerum3"
"H50P2D7T12CelNapPlaSerum4_container"
"H50P2D7T12CelNapPlaSerum4"
"H50P2D7T12CelNapPlaUrine1_container"
"H50P2D7T12CelNapPlaUrine1"
"H50P2D7T12CelNapPlaUrine2_container"
"H50P2D7T12CelNapPlaUrine2"
"H50P2D7T12CelNapPlaUrine3_container"
"H50P2D7T12CelNapPlaUrine3"
"H50P2D7T12CelNapPlaUrine4_container"
"H50P2D7T12CelNapPlaUrine4"
"H50P2D7T12CelNapPlaUrine5_container"
"H50P2D7T12CelNapPlaUrine5"
"H50P2D7T2CelNapPlaPlasmHep1_container"
"H50P2D7T2CelNapPlaPlasmHep1"
"H50P2D7T2CelNapPlaPlasmHep2_container"
"H50P2D7T2CelNapPlaPlasmHep2"
"H50P2D7T2CelNapPlaPlasmLPS1_container"
"H50P2D7T2CelNapPlaPlasmLPS1"
"H50P2D7T2CelNapPlaPlasmLPS2_container"
"H50P2D7T2CelNapPlaPlasmLPS2"
"H50P2D7T2CelNapPlaSerum1_container"
"H50P2D7T2CelNapPlaSerum1"
"H50P2D7T2CelNapPlaSerum2_container"
"H50P2D7T2CelNapPlaSerum2"
"H50P2D7T2CelNapPlaSerum3_container"
"H50P2D7T2CelNapPlaSerum3"
"H50P2D7T2CelNapPlaSerum4_container"
"H50P2D7T2CelNapPlaSerum4"
"H50P2D7T2CelNapPlaUrine1_container"
"H50P2D7T2CelNapPlaUrine1"
"H50P2D7T2CelNapPlaUrine2_container"
"H50P2D7T2CelNapPlaUrine2"
"H50P2D7T2CelNapPlaUrine3_container"
"H50P2D7T2CelNapPlaUrine3"
"H50P2D7T2CelNapPlaUrine4_container"
"H50P2D7T2CelNapPlaUrine4"
"H50P2D7T2CelNapPlaUrine5_container"
"H50P2D7T2CelNapPlaUrine5"
"H50P2D7T4CelNapPlaPlasmEDTA1_container"
"H50P2D7T4CelNapPlaPlasmEDTA1"
"H50P2D7T4CelNapPlaPlasmEDTA2_container"
"H50P2D7T4CelNapPlaPlasmEDTA2"
"H50P2D7T4CelNapPlaPlasmEDTA3_container"
"H50P2D7T4CelNapPlaPlasmEDTA3"
"H50P2D7T4CelNapPlaPlasmEDTA4_container"
"H50P2D7T4CelNapPlaPlasmEDTA4"
"H50P2D7T4CelNapPlaPlasmHep1_container"
"H50P2D7T4CelNapPlaPlasmHep1"
"H50P2D7T4CelNapPlaPlasmHep2_container"
"H50P2D7T4CelNapPlaPlasmHep2"
"H50P2D7T4CelNapPlaPlasmHep3_container"
"H50P2D7T4CelNapPlaPlasmHep3"
"H50P2D7T4CelNapPlaPlasmHep4_container"
"H50P2D7T4CelNapPlaPlasmHep4"
"H50P2D7T4CelNapPlaPlasmLPS1_container"
"H50P2D7T4CelNapPlaPlasmLPS1"
"H50P2D7T4CelNapPlaPlasmLPS2_container"
"H50P2D7T4CelNapPlaPlasmLPS2"
"H50P2D7T4CelNapPlaPlasmLPS3_container"
"H50P2D7T4CelNapPlaPlasmLPS3"
"H50P2D7T4CelNapPlaPlasmLPS4_container"
"H50P2D7T4CelNapPlaPlasmLPS4"
"H50P2D7T4CelNapPlaSerum1_container"
"H50P2D7T4CelNapPlaSerum1"
"H50P2D7T4CelNapPlaSerum2_container"
"H50P2D7T4CelNapPlaSerum2"
"H50P2D7T4CelNapPlaSerum3_container"
"H50P2D7T4CelNapPlaSerum3"
"H50P2D7T4CelNapPlaSerum4_container"
"H50P2D7T4CelNapPlaSerum4"
"H50P2D7T4CelNapPlaUrine1_container"
"H50P2D7T4CelNapPlaUrine1"
"H50P2D7T4CelNapPlaUrine2_container"
"H50P2D7T4CelNapPlaUrine2"
"H50P2D7T4CelNapPlaUrine3_container"
"H50P2D7T4CelNapPlaUrine3"
"H50P2D7T4CelNapPlaUrine4_container"
"H50P2D7T4CelNapPlaUrine4"
"H50P2D7T4CelNapPlaUrine5_container"
"H50P2D7T4CelNapPlaUrine5"
"H50P2D7T4CelNapPlaBlood1_container"
"H50P2D7T4CelNapPlaBlood1"
"H50P2D7T4CelNapPlaBlood2_container"
"H50P2D7T4CelNapPlaBlood2"
"H50P2D7T8CelNapPlaPlasmHep1_container"
"H50P2D7T8CelNapPlaPlasmHep1"
"H50P2D7T8CelNapPlaPlasmHep2_container"
"H50P2D7T8CelNapPlaPlasmHep2"
"H50P2D7T8CelNapPlaPlasmLPS1_container"
"H50P2D7T8CelNapPlaPlasmLPS1"
"H50P2D7T8CelNapPlaPlasmLPS2_container"
"H50P2D7T8CelNapPlaPlasmLPS2"
"H50P2D7T8CelNapPlaSerum1_container"
"H50P2D7T8CelNapPlaSerum1"
"H50P2D7T8CelNapPlaSerum2_container"
"H50P2D7T8CelNapPlaSerum2"
"H50P2D7T8CelNapPlaSerum3_container"
"H50P2D7T8CelNapPlaSerum3"
"H50P2D7T8CelNapPlaSerum4_container"
"H50P2D7T8CelNapPlaSerum4"
"H50P2D7T8CelNapPlaUrine1_container"
"H50P2D7T8CelNapPlaUrine1"
"H50P2D7T8CelNapPlaUrine2_container"
"H50P2D7T8CelNapPlaUrine2"
"H50P2D7T8CelNapPlaUrine3_container"
"H50P2D7T8CelNapPlaUrine3"
"H50P2D7T8CelNapPlaUrine4_container"
"H50P2D7T8CelNapPlaUrine4"
"H50P2D7T8CelNapPlaUrine5_container"
"H50P2D7T8CelNapPlaUrine5"
"H50P2D7CelNapPlaFeces_container"
"H50P2D7CelNapPlaFeces"
"H50P2D8CelNapPlaPlasmHep1_container"
"H50P2D8CelNapPlaPlasmHep1"
"H50P2D8CelNapPlaPlasmHep2_container"
"H50P2D8CelNapPlaPlasmHep2"
"H50P2D8CelNapPlaPlasmLPS1_container"
"H50P2D8CelNapPlaPlasmLPS1"
"H50P2D8CelNapPlaPlasmLPS2_container"
"H50P2D8CelNapPlaPlasmLPS2"
"H50P2D8CelNapPlaSerum1_container"
"H50P2D8CelNapPlaSerum1"
"H50P2D8CelNapPlaSerum2_container"
"H50P2D8CelNapPlaSerum2"
"H50P2D8CelNapPlaSerum3_container"
"H50P2D8CelNapPlaSerum3"
"H50P2D8CelNapPlaSerum4_container"
"H50P2D8CelNapPlaSerum4"
"H50P2D8CelNapPlaUrine1_container"
"H50P2D8CelNapPlaUrine1"
"H50P2D8CelNapPlaUrine2_container"
"H50P2D8CelNapPlaUrine2"
"H50P2D8CelNapPlaUrine3_container"
"H50P2D8CelNapPlaUrine3"
"H50P2D8CelNapPlaUrine4_container"
"H50P2D8CelNapPlaUrine4"
"H50P2D8CelNapPlaUrine5_container"
"H50P2D8CelNapPlaUrine5"
"H50P2D9CelNapPlaPlasmHep1_container"
"H50P2D9CelNapPlaPlasmHep1"
"H50P2D9CelNapPlaPlasmHep2_container"
"H50P2D9CelNapPlaPlasmHep2"
"H50P2D9CelNapPlaPlasmLPS1_container"
"H50P2D9CelNapPlaPlasmLPS1"
"H50P2D9CelNapPlaPlasmLPS2_container"
"H50P2D9CelNapPlaPlasmLPS2"
"H50P2D9CelNapPlaSerum1_container"
"H50P2D9CelNapPlaSerum1"
"H50P2D9CelNapPlaSerum2_container"
"H50P2D9CelNapPlaSerum2"
"H50P2D9CelNapPlaSerum3_container"
"H50P2D9CelNapPlaSerum3"
"H50P2D9CelNapPlaSerum4_container"
"H50P2D9CelNapPlaSerum4"
"H50P2D9CelNapPlaUrine1_container"
"H50P2D9CelNapPlaUrine1"
"H50P2D9CelNapPlaUrine2_container"
"H50P2D9CelNapPlaUrine2"
"H50P2D9CelNapPlaUrine3_container"
"H50P2D9CelNapPlaUrine3"
"H50P2D9CelNapPlaUrine4_container"
"H50P2D9CelNapPlaUrine4"
"H50P2D9CelNapPlaUrine5_container"
"H50P2D9CelNapPlaUrine5"
"H50P3D1blinePlasmHep1_container"
"H50P3D1blinePlasmHep1"
"H50P3D1blinePlasmHep2_container"
"H50P3D1blinePlasmHep2"
"H50P3D1blinePlasmHep3_container"
"H50P3D1blinePlasmHep3"
"H50P3D1blinePlasmHep4_container"
"H50P3D1blinePlasmHep4"
"H50P3D1blinePlasmLPS1_container"
"H50P3D1blinePlasmLPS1"
"H50P3D1blinePlasmLPS2_container"
"H50P3D1blinePlasmLPS2"
"H50P3D1blinePlasmLPS3_container"
"H50P3D1blinePlasmLPS3"
"H50P3D1blinePlasmLPS4_container"
"H50P3D1blinePlasmLPS4"
"H50P3D1blineSerum1_container"
"H50P3D1blineSerum1"
"H50P3D1blineSerum2_container"
"H50P3D1blineSerum2"
"H50P3D1blineSerum3_container"
"H50P3D1blineSerum3"
"H50P3D7T0CelNapPlaPlasmLPS3_container"
"H50P3D7T0CelNapPlaPlasmLPS3"
"H50P3D7T0CelNapPlaPlasmLPS4_container"
"H50P3D7T0CelNapPlaPlasmLPS4"
"H50P3D7T0CelNapPlaSerum1_container"
"H50P3D7T0CelNapPlaSerum1"
"H50P3D7T0CelNapPlaSerum2_container"
"H50P3D7T0CelNapPlaSerum2"
"H50P3D7T0CelNapPlaSerum3_container"
"H50P3D7T0CelNapPlaSerum3"
"H50P3D7T0CelNapPlaSerum4_container"
"H50P3D7T0CelNapPlaSerum4"
"H50P3D7T0CelNapPlaRBC1_container"
"H50P3D7T0CelNapPlaRBC1"
"H50P3D7T0CelNapPlaRBC2_container"
"H50P3D7T0CelNapPlaRBC2"
"H50P3D7T0CelNapPlaUrine1_container"
"H50P3D7T0CelNapPlaUrine1"
"H50P3D7T0CelNapPlaUrine2_container"
"H50P3D7T0CelNapPlaUrine2"
"H50P3D7T0CelNapPlaUrine3_container"
"H50P3D7T0CelNapPlaUrine3"
"H50P3D7T0CelNapPlaUrine4_container"
"H50P3D7T0CelNapPlaUrine4"
"H50P3D7T0CelNapPlaUrine5_container"
"H50P3D7T0CelNapPlaUrine5"
"H50P3D7T0CelNapPlaBlood1_container"
"H50P3D7T0CelNapPlaBlood1"
"H50P3D7T0CelNapPlaBlood2_container"
"H50P3D7T0CelNapPlaBlood2"
"H50P3D7T0.5CelNapPlaPlasmHep1_container"
"H50P3D7T0.5CelNapPlaPlasmHep1"
"H50P3D7T0.5CelNapPlaPlasmHep2_container"
"H50P3D7T0.5CelNapPlaPlasmHep2"
"H50P3D7T0.5CelNapPlaPlasmLPS1_container"
"H50P3D7T0.5CelNapPlaPlasmLPS1"
"H50P3D7T0.5CelNapPlaPlasmLPS2_container"
"H50P3D7T0.5CelNapPlaPlasmLPS2"
"H50P3D7T0.5CelNapPlaSerum1_container"
"H50P3D7T0.5CelNapPlaSerum1"
"H50P3D7T0.5CelNapPlaSerum2_container"
"H50P3D7T0.5CelNapPlaSerum2"
"H50P3D7T0.5CelNapPlaSerum3_container"
"H50P3D7T0.5CelNapPlaSerum3"
"H50P3D7T0.5CelNapPlaSerum4_container"
"H50P3D7T0.5CelNapPlaSerum4"
"H50P3D7T1CelNapPlaPlasmHep1_container"
"H50P3D7T1CelNapPlaPlasmHep1"
"H50P3D7T1CelNapPlaPlasmHep2_container"
"H50P3D7T1CelNapPlaPlasmHep2"
"H50P3D7T1CelNapPlaPlasmLPS1_container"
"H50P3D7T1CelNapPlaPlasmLPS1"
"H50P3D7T1CelNapPlaPlasmLPS2_container"
"H50P3D7T1CelNapPlaPlasmLPS2"
"H50P3D7T1CelNapPlaSerum1_container"
"H50P3D7T1CelNapPlaSerum1"
"H50P3D7T1CelNapPlaSerum2_container"
"H50P3D7T1CelNapPlaSerum2"
"H50P3D7T1CelNapPlaSerum3_container"
"H50P3D7T1CelNapPlaSerum3"
"H50P3D7T1CelNapPlaSerum4_container"
"H50P3D7T1CelNapPlaSerum4"
"H50P3D7T1CelNapPlaUrine1_container"
"H50P3D7T1CelNapPlaUrine1"
"H50P3D7T1CelNapPlaUrine2_container"
"H50P3D7T1CelNapPlaUrine2"
"H50P3D7T1CelNapPlaUrine3_container"
"H50P3D7T1CelNapPlaUrine3"
"H50P3D7T1CelNapPlaUrine4_container"
"H50P3D7T1CelNapPlaUrine4"
"H50P3D7T1CelNapPlaUrine5_container"
"H50P3D7T1CelNapPlaUrine5"
"H50P3D7T12CelNapPlaPlasmHep1_container"
"H50P3D7T12CelNapPlaPlasmHep1"
"H50P3D7T12CelNapPlaPlasmHep2_container"
"H50P3D7T12CelNapPlaPlasmHep2"
"H50P3D7T12CelNapPlaPlasmLPS1_container"
"H50P3D7T12CelNapPlaPlasmLPS1"
"H50P3D7T12CelNapPlaPlasmLPS2_container"
"H50P3D7T12CelNapPlaPlasmLPS2"
"H50P3D7T12CelNapPlaSerum1_container"
"H50P3D7T12CelNapPlaSerum1"
"H50P3D7T12CelNapPlaSerum2_container"
"H50P3D7T12CelNapPlaSerum2"
"H50P3D7T12CelNapPlaSerum3_container"
"H50P3D7T12CelNapPlaSerum3"
"H50P3D7T12CelNapPlaSerum4_container"
"H50P3D7T12CelNapPlaSerum4"
"H50P3D7T12CelNapPlaUrine1_container"
"H50P3D7T12CelNapPlaUrine1"
"H50P3D7T12CelNapPlaUrine2_container"
"H50P3D7T12CelNapPlaUrine2"
"H50P3D7T12CelNapPlaUrine3_container"
"H50P3D7T12CelNapPlaUrine3"
"H50P3D7T12CelNapPlaUrine4_container"
"H50P3D7T12CelNapPlaUrine4"
"H50P3D7T12CelNapPlaUrine5_container"
"H50P3D7T12CelNapPlaUrine5"
"H50P3D7T2CelNapPlaPlasmHep1_container"
"H50P3D7T2CelNapPlaPlasmHep1"
"H50P3D7T2CelNapPlaPlasmHep2_container"
"H50P3D7T2CelNapPlaPlasmHep2"
"H50P3D7T2CelNapPlaPlasmLPS1_container"
"H50P3D7T2CelNapPlaPlasmLPS1"
"H50P3D7T2CelNapPlaPlasmLPS2_container"
"H50P3D7T2CelNapPlaPlasmLPS2"
"H50P3D7T2CelNapPlaSerum1_container"
"H50P3D7T2CelNapPlaSerum1"
"H50P3D7T2CelNapPlaSerum2_container"
"H50P3D7T2CelNapPlaSerum2"
"H50P3D7T2CelNapPlaSerum3_container"
"H50P3D7T2CelNapPlaSerum3"
"H50P3D7T2CelNapPlaSerum4_container"
"H50P3D7T2CelNapPlaSerum4"
"H50P3D7T2CelNapPlaUrine1_container"
"H50P3D7T2CelNapPlaUrine1"
"H50P3D7T2CelNapPlaUrine2_container"
"H50P3D7T2CelNapPlaUrine2"
"H50P3D7T2CelNapPlaUrine3_container"
"H50P3D7T2CelNapPlaUrine3"
"H50P3D7T2CelNapPlaUrine4_container"
"H50P3D7T2CelNapPlaUrine4"
"H50P3D7T2CelNapPlaUrine5_container"
"H50P3D7T2CelNapPlaUrine5"
"H50P3D7T4CelNapPlaPlasmEDTA1_container"
"H50P3D7T4CelNapPlaPlasmEDTA1"
"H50P3D7T4CelNapPlaPlasmEDTA2_container"
"H50P3D7T4CelNapPlaPlasmEDTA2"
"H50P3D7T4CelNapPlaPlasmEDTA3_container"
"H50P3D7T4CelNapPlaPlasmEDTA3"
"H50P3D7T4CelNapPlaPlasmEDTA4_container"
"H50P3D7T4CelNapPlaPlasmEDTA4"
"H50P3D7T4CelNapPlaPlasmHep1_container"
"H50P3D7T4CelNapPlaPlasmHep1"
"H50P3D7T4CelNapPlaPlasmHep2_container"
"H50P3D7T4CelNapPlaPlasmHep2"
"H50P3D7T4CelNapPlaPlasmHep3_container"
"H50P3D7T4CelNapPlaPlasmHep3"
"H50P3D7T4CelNapPlaPlasmHep4_container"
"H50P3D7T4CelNapPlaPlasmHep4"
"H50P3D7T4CelNapPlaPlasmLPS1_container"
"H50P3D7T4CelNapPlaPlasmLPS1"
"H50P3D7T4CelNapPlaPlasmLPS2_container"
"H50P3D7T4CelNapPlaPlasmLPS2"
"H50P3D7T4CelNapPlaPlasmLPS3_container"
"H50P3D7T4CelNapPlaPlasmLPS3"
"H50P3D7T4CelNapPlaPlasmLPS4_container"
"H50P3D7T4CelNapPlaPlasmLPS4"
"H50P3D7T4CelNapPlaSerum1_container"
"H50P3D7T4CelNapPlaSerum1"
"H50P3D7T4CelNapPlaSerum2_container"
"H50P3D7T4CelNapPlaSerum2"
"H50P3D7T4CelNapPlaSerum3_container"
"H50P3D7T4CelNapPlaSerum3"
"H50P3D7T4CelNapPlaSerum4_container"
"H50P3D7T4CelNapPlaSerum4"
"H50P3D7T4CelNapPlaUrine1_container"
"H50P3D7T4CelNapPlaUrine1"
"H50P3D7T4CelNapPlaUrine2_container"
"H50P3D7T4CelNapPlaUrine2"
"H50P3D7T4CelNapPlaUrine3_container"
"H50P3D7T4CelNapPlaUrine3"
"H50P3D7T4CelNapPlaUrine4_container"
"H50P3D7T4CelNapPlaUrine4"
"H50P3D7T4CelNapPlaUrine5_container"
"H50P3D7T4CelNapPlaUrine5"
"H50P3D7T4CelNapPlaBlood1_container"
"H50P3D7T4CelNapPlaBlood1"
"H50P3D7T4CelNapPlaBlood2_container"
"H50P3D7T4CelNapPlaBlood2"
"H50P3D7T8CelNapPlaPlasmHep1_container"
"H50P3D7T8CelNapPlaPlasmHep1"
"H50P3D7T8CelNapPlaPlasmHep2_container"
"H50P3D7T8CelNapPlaPlasmHep2"
"H50P3D7T8CelNapPlaPlasmLPS1_container"
"H50P3D7T8CelNapPlaPlasmLPS1"
"H50P3D7T8CelNapPlaPlasmLPS2_container"
"H50P3D7T8CelNapPlaPlasmLPS2"
"H50P3D7T8CelNapPlaSerum1_container"
"H50P3D7T8CelNapPlaSerum1"
"H50P3D7T8CelNapPlaSerum2_container"
"H50P3D7T8CelNapPlaSerum2"
"H50P3D7T8CelNapPlaSerum3_container"
"H50P3D7T8CelNapPlaSerum3"
"H50P3D7T8CelNapPlaSerum4_container"
"H50P3D7T8CelNapPlaSerum4"
"H50P3D7T8CelNapPlaUrine1_container"
"H50P3D7T8CelNapPlaUrine1"
"H50P3D7T8CelNapPlaUrine2_container"
"H50P3D7T8CelNapPlaUrine2"
"H50P3D7T8CelNapPlaUrine3_container"
"H50P3D7T8CelNapPlaUrine3"
"H50P3D7T8CelNapPlaUrine4_container"
"H50P3D7T8CelNapPlaUrine4"
"H50P3D7T8CelNapPlaUrine5_container"
"H50P3D7T8CelNapPlaUrine5"
"H50P3D7CelNapPlaFeces_container"
"H50P3D7CelNapPlaFeces"
"H50P3D8CelNapPlaPlasmHep1_container"
"H50P3D8CelNapPlaPlasmHep1"
"H50P3D8CelNapPlaPlasmHep2_container"
"H50P3D8CelNapPlaPlasmHep2"
"H50P3D8CelNapPlaPlasmLPS1_container"
"H50P3D8CelNapPlaPlasmLPS1"
"H50P3D8CelNapPlaPlasmLPS2_container"
"H50P3D8CelNapPlaPlasmLPS2"
"H50P3D8CelNapPlaSerum1_container"
"H50P3D8CelNapPlaSerum1"
"H50P3D8CelNapPlaSerum2_container"
"H50P3D8CelNapPlaSerum2"
"H50P3D8CelNapPlaSerum3_container"
"H50P3D8CelNapPlaSerum3"
"H50P3D8CelNapPlaSerum4_container"
"H50P3D8CelNapPlaSerum4"
"H50P3D8CelNapPlaUrine1_container"
"H50P3D8CelNapPlaUrine1"
"H50P3D8CelNapPlaUrine2_container"
"H50P3D8CelNapPlaUrine2"
"H50P3D8CelNapPlaUrine3_container"
"H50P3D8CelNapPlaUrine3"
"H50P3D8CelNapPlaUrine4_container"
"H50P3D8CelNapPlaUrine4"
"H50P3D8CelNapPlaUrine5_container"
"H50P3D8CelNapPlaUrine5"
"H50P3D9CelNapPlaPlasmHep1_container"
"H50P3D9CelNapPlaPlasmHep1"
"H50P3D9CelNapPlaPlasmHep2_container"
"H50P3D9CelNapPlaPlasmHep2"
"H50P3D9CelNapPlaPlasmLPS1_container"
"H50P3D9CelNapPlaPlasmLPS1"
"H50P3D9CelNapPlaPlasmLPS2_container"
"H50P3D9CelNapPlaPlasmLPS2"
"H50P3D9CelNapPlaSerum1_container"
"H50P3D9CelNapPlaSerum1"
"H50P3D9CelNapPlaSerum2_container"
"H50P3D9CelNapPlaSerum2"
"H50P3D9CelNapPlaSerum3_container"
"H50P3D9CelNapPlaSerum3"
"H50P3D9CelNapPlaSerum4_container"
"H50P3D9CelNapPlaSerum4"
"H50P3D9CelNapPlaUrine1_container"
"H50P3D9CelNapPlaUrine1"
"H50P3D9CelNapPlaUrine2_container"
"H50P3D9CelNapPlaUrine2"
"H50P3D9CelNapPlaUrine3_container"
"H50P3D9CelNapPlaUrine3"
"H50P3D9CelNapPlaUrine4_container"
"H50P3D9CelNapPlaUrine4"
"H50P3D9CelNapPlaUrine5_container"
"H50P3D9CelNapPlaUrine5"
